<?xml version="1.0" encoding="UTF-8"?>
<!-- Generated by org.testng.reporters.JUnitReportReporter -->
<testsuite hostname="BA161" failures="0" tests="2" name="Test.TestNgParallelExecution" time="0.020" errors="0" timestamp="2023-08-12T05:28:10 IST" skipped="0">
  <testcase classname="Test.TestNgParallelExecution" name="test" time="0.019"/>
  <system-out/>
  <testcase classname="Test.TestNgParallelExecution" name="test1" time="0.001"/>
  <system-out/>
</testsuite> <!-- Test.TestNgParallelExecution -->
