<?xml version="1.0" encoding="UTF-8"?>
<!-- Generated by org.testng.reporters.JUnitReportReporter -->
<testsuite hostname="BA259" failures="0" tests="1" name="BigBasket.BBrunner" time="0.008" errors="0" timestamp="2023-07-21T10:30:32 IST" skipped="0">
  <testcase classname="BigBasket.BBrunner" name="data1" time="0.008"/>
  <system-out/>
</testsuite> <!-- BigBasket.BBrunner -->
